<?xml version="1.0" encoding="UTF-8"?>
<!-- Generated by org.testng.reporters.JUnitReportReporter -->
<testsuite hostname="DESKTOP-BPC4G7D" name="testnggg.Test1" tests="1" failures="0" timestamp="12 Jul 2019 03:46:23 GMT" time="43.995" errors="0">
  <testcase name="f" time="43.995" classname="testnggg.Test1"/>
</testsuite> <!-- testnggg.Test1 -->
