<?xml version="1.0" encoding="UTF-8"?>
<!-- Generated by org.testng.reporters.JUnitReportReporter -->
<testsuite hostname="DESKTOP-BPC4G7D" name="testnggg.TestData" tests="3" failures="0" timestamp="12 Jul 2019 03:30:51 GMT" time="64.841" errors="0">
  <testcase name="f" time="16.807" classname="testnggg.TestData"/>
  <testcase name="f" time="27.194" classname="testnggg.TestData"/>
  <testcase name="f" time="20.840" classname="testnggg.TestData"/>
</testsuite> <!-- testnggg.TestData -->
