<?xml version="1.0" encoding="UTF-8"?>
<!-- Generated by org.testng.reporters.JUnitReportReporter -->
<testsuite hostname="DESKTOP-BPC4G7D" name="testnggg.Test2" tests="1" failures="0" timestamp="12 Jul 2019 03:46:23 GMT" time="51.557" errors="0">
  <testcase name="f" time="51.557" classname="testnggg.Test2"/>
</testsuite> <!-- testnggg.Test2 -->
