<?xml version="1.0" encoding="UTF-8"?>
<!-- Generated by org.testng.reporters.JUnitReportReporter -->
<testsuite hostname="DESKTOP-BPC4G7D" name="testnggg.NewTest" tests="3" failures="0" timestamp="6 Jul 2019 03:44:05 GMT" time="0.000" errors="0">
  <testcase name="f1" time="0.000" classname="testnggg.NewTest"/>
  <testcase name="f" time="0.000" classname="testnggg.NewTest"/>
  <testcase name="f2" time="0.000" classname="testnggg.NewTest"/>
</testsuite> <!-- testnggg.NewTest -->
